<?xml version="1.0" encoding="UTF-8"?>
<testng-results ignored="0" total="1" passed="1" failed="0" skipped="0">
  <reporter-output>
  </reporter-output>
  <suite started-at="2023-12-03T05:14:20 EST" name="Default suite" finished-at="2023-12-03T05:16:02 EST" duration-ms="102326">
    <groups>
    </groups>
    <test started-at="2023-12-03T05:14:20 EST" name="Default test" finished-at="2023-12-03T05:16:02 EST" duration-ms="102326">
      <class name="addToCartTest.ProductsAddToCartTest">
        <test-method is-config="true" signature="LunchApp()[pri:0, instance:addToCartTest.ProductsAddToCartTest@6025e1b6]" started-at="2023-12-03T05:14:20 EST" name="LunchApp" finished-at="2023-12-03T05:15:06 EST" duration-ms="45777" status="PASS">
          <reporter-output>
          </reporter-output>
        </test-method> <!-- LunchApp -->
        <test-method signature="ProductsAddToCartTest()[pri:0, instance:addToCartTest.ProductsAddToCartTest@6025e1b6]" started-at="2023-12-03T05:15:06 EST" name="ProductsAddToCartTest" finished-at="2023-12-03T05:16:02 EST" duration-ms="56359" status="PASS">
          <reporter-output>
          </reporter-output>
        </test-method> <!-- ProductsAddToCartTest -->
      </class> <!-- addToCartTest.ProductsAddToCartTest -->
    </test> <!-- Default test -->
  </suite> <!-- Default suite -->
</testng-results>
